\BOOKMARK [1][-]{section.1}{Foundations}{}% 1
\BOOKMARK [2][-]{subsection.1.1}{Law of Induction}{section.1}% 2
\BOOKMARK [2][-]{subsection.1.2}{Proof by Contradiction}{section.1}% 3
\BOOKMARK [2][-]{subsection.1.3}{5 Irrational Proof}{section.1}% 4
\BOOKMARK [1][-]{section.2}{Properties of R}{}% 5
\BOOKMARK [2][-]{subsection.2.1}{Boundness}{section.2}% 6
\BOOKMARK [3][-]{subsubsection.2.1.1}{Completeness Axiom}{subsection.2.1}% 7
\BOOKMARK [2][-]{subsection.2.2}{Density in R}{section.2}% 8
\BOOKMARK [3][-]{subsubsection.2.2.1}{Archimedean Property}{subsection.2.2}% 9
\BOOKMARK [3][-]{subsubsection.2.2.2}{Definition of Density}{subsection.2.2}% 10
\BOOKMARK [1][-]{section.3}{Absolute Values}{}% 11
\BOOKMARK [2][-]{subsection.3.1}{Properties of Absolute Value}{section.3}% 12
\BOOKMARK [2][-]{subsection.3.2}{Triangle Inequality}{section.3}% 13
\BOOKMARK [1][-]{section.4}{Numerical Formulas}{}% 14
\BOOKMARK [1][-]{section.5}{Sequences}{}% 15
\BOOKMARK [2][-]{subsection.5.1}{Comparison Lemma}{section.5}% 16
\BOOKMARK [2][-]{subsection.5.2}{Sequence Boundness}{section.5}% 17
\BOOKMARK [2][-]{subsection.5.3}{Set Density Using Sequences}{section.5}% 18
\BOOKMARK [2][-]{subsection.5.4}{Monotone Sequences}{section.5}% 19
\BOOKMARK [3][-]{subsubsection.5.4.1}{Monotone Convergence Theorem}{subsection.5.4}% 20
\BOOKMARK [3][-]{subsubsection.5.4.2}{Nested Interval Theorem}{subsection.5.4}% 21
\BOOKMARK [2][-]{subsection.5.5}{Subsequences}{section.5}% 22
\BOOKMARK [1][-]{section.6}{Continuous Functions}{}% 23
\BOOKMARK [2][-]{subsection.6.1}{Extreme Value Theorem}{section.6}% 24
\BOOKMARK [2][-]{subsection.6.2}{Intermediate Value Theorem}{section.6}% 25
\BOOKMARK [2][-]{subsection.6.3}{Uniform Continuity}{section.6}% 26
